<?xml version="1.0" encoding="UTF-8"?>
<testng-results ignored="0" total="1" passed="1" failed="0" skipped="0">
  <reporter-output>
  </reporter-output>
  <suite started-at="2022-10-17T18:27:18 IST" name="Default suite" finished-at="2022-10-17T18:27:18 IST" duration-ms="64">
    <groups>
    </groups>
    <test started-at="2022-10-17T18:27:18 IST" name="Default test" finished-at="2022-10-17T18:27:18 IST" duration-ms="64">
      <class name="com.newtest.TestCases.AAPracticeTest">
        <test-method signature="testing()[pri:0, instance:com.newtest.TestCases.AAPracticeTest@50eac852]" started-at="2022-10-17T18:27:18 IST" name="testing" finished-at="2022-10-17T18:27:18 IST" duration-ms="10" status="PASS">
          <reporter-output>
          </reporter-output>
        </test-method> <!-- testing -->
      </class> <!-- com.newtest.TestCases.AAPracticeTest -->
    </test> <!-- Default test -->
  </suite> <!-- Default suite -->
</testng-results>
