<?xml version="1.0" encoding="UTF-8"?>
<!-- Generated by org.testng.reporters.JUnitXMLReporter -->
<testsuite ignored="5" hostname="LT290" failures="0" tests="10" name="Default test" time="0.107" errors="0" timestamp="2022-08-22T13:25:00 IST">
  <testcase classname="com.newtest.TestCases.StarPattern1" name="test" time="0.035"/>
  <testcase classname="com.newtest.TestCases.StarPattern1" name="test" time="0.004"/>
  <testcase classname="com.newtest.TestCases.StarPattern1" name="test" time="0.003"/>
  <testcase classname="com.newtest.TestCases.StarPattern1" name="test" time="0.002"/>
  <testcase classname="com.newtest.TestCases.StarPattern1" name="test" time="0.003"/>
  <testcase classname="com.newtest.TestCases.StarPattern1" name="test" time="0.003"/>
  <testcase classname="com.newtest.TestCases.StarPattern1" name="test" time="0.002"/>
  <testcase classname="com.newtest.TestCases.StarPattern1" name="test" time="0.002"/>
  <testcase classname="com.newtest.TestCases.StarPattern1" name="test" time="0.002"/>
  <testcase classname="com.newtest.TestCases.StarPattern1" name="test" time="0.003"/>
  <testcase classname="com.newtest.TestCases.StarPattern1" name="FifthStarPattern" time="0.0">
    <ignored/>
  </testcase> <!-- FifthStarPattern -->
  <testcase classname="com.newtest.TestCases.StarPattern1" name="FourthstartPatter" time="0.0">
    <ignored/>
  </testcase> <!-- FourthstartPatter -->
  <testcase classname="com.newtest.TestCases.StarPattern1" name="ThirdStarPatter" time="0.0">
    <ignored/>
  </testcase> <!-- ThirdStarPatter -->
  <testcase classname="com.newtest.TestCases.StarPattern1" name="firstStarPattern" time="0.0">
    <ignored/>
  </testcase> <!-- firstStarPattern -->
  <testcase classname="com.newtest.TestCases.StarPattern1" name="SecondStarPattern" time="0.0">
    <ignored/>
  </testcase> <!-- SecondStarPattern -->
</testsuite> <!-- Default test -->
