<?xml version="1.0" encoding="UTF-8"?>
<!-- Generated by org.testng.reporters.JUnitXMLReporter -->
<testsuite ignored="0" hostname="LT290" failures="0" tests="3" name="Default test" time="0.054" errors="0" timestamp="2022-11-17T16:28:25 IST">
  <testcase classname="com.newtest.TestCases.AAPracticeTest" name="test3" time="0.009"/>
  <testcase classname="com.newtest.TestCases.AAPracticeTest" name="test1" time="0.002"/>
  <testcase classname="com.newtest.TestCases.AAPracticeTest" name="test2" time="0.001"/>
</testsuite> <!-- Default test -->
